{"/home/runner/work/Mono1/Mono1/nodeapp/src/server.ts": {"path":"/home/runner/work/Mono1/Mono1/nodeapp/src/server.ts","statementMap":{"0":{"start":{"line":1,"column":0},"end":{"line":1,"column":47}},"1":{"start":{"line":2,"column":0},"end":{"line":2,"column":43}},"2":{"start":{"line":3,"column":0},"end":{"line":3,"column":33}},"3":{"start":{"line":4,"column":0},"end":{"line":4,"column":73}},"4":{"start":{"line":5,"column":0},"end":{"line":5,"column":54}},"5":{"start":{"line":10,"column":11},"end":{"line":10,"column":39}},"6":{"start":{"line":13,"column":8},"end":{"line":13,"column":53}},"7":{"start":{"line":14,"column":8},"end":{"line":14,"column":33}},"8":{"start":{"line":15,"column":8},"end":{"line":15,"column":35}},"9":{"start":{"line":16,"column":8},"end":{"line":16,"column":30}},"10":{"start":{"line":17,"column":8},"end":{"line":17,"column":37}},"11":{"start":{"line":22,"column":8},"end":{"line":29,"column":null}},"12":{"start":{"line":24,"column":12},"end":{"line":24,"column":43}},"13":{"start":{"line":25,"column":12},"end":{"line":25,"column":49}},"14":{"start":{"line":27,"column":12},"end":{"line":27,"column":65}},"15":{"start":{"line":28,"column":12},"end":{"line":28,"column":24}},"16":{"start":{"line":34,"column":8},"end":{"line":34,"column":43}},"17":{"start":{"line":39,"column":8},"end":{"line":39,"column":71}},"18":{"start":{"line":45,"column":8},"end":{"line":45,"column":52}},"19":{"start":{"line":49,"column":8},"end":{"line":51,"column":11}},"20":{"start":{"line":50,"column":12},"end":{"line":50,"column":53}},"21":{"start":{"line":8,"column":0},"end":{"line":8,"column":13}}},"fnMap":{"0":{"name":"(anonymous_8)","decl":{"start":{"line":12,"column":4},"end":{"line":12,"column":null}},"loc":{"start":{"line":12,"column":4},"end":{"line":18,"column":5}}},"1":{"name":"(anonymous_9)","decl":{"start":{"line":20,"column":17},"end":{"line":20,"column":38}},"loc":{"start":{"line":20,"column":38},"end":{"line":30,"column":null}}},"2":{"name":"(anonymous_11)","decl":{"start":{"line":32,"column":12},"end":{"line":32,"column":31}},"loc":{"start":{"line":32,"column":31},"end":{"line":35,"column":5}}},"3":{"name":"(anonymous_12)","decl":{"start":{"line":37,"column":12},"end":{"line":37,"column":26}},"loc":{"start":{"line":37,"column":26},"end":{"line":40,"column":5}}},"4":{"name":"(anonymous_13)","decl":{"start":{"line":42,"column":12},"end":{"line":42,"column":33}},"loc":{"start":{"line":42,"column":33},"end":{"line":46,"column":5}}},"5":{"name":"(anonymous_14)","decl":{"start":{"line":48,"column":11},"end":{"line":48,"column":17}},"loc":{"start":{"line":48,"column":31},"end":{"line":52,"column":5}}},"6":{"name":"(anonymous_15)","decl":{"start":{"line":49,"column":41},"end":{"line":49,"column":45}},"loc":{"start":{"line":49,"column":47},"end":{"line":51,"column":9}}}},"branchMap":{},"s":{"0":1,"1":1,"2":1,"3":1,"4":1,"5":1,"6":1,"7":1,"8":1,"9":1,"10":1,"11":0,"12":0,"13":0,"14":0,"15":0,"16":1,"17":1,"18":1,"19":0,"20":0,"21":1},"f":{"0":1,"1":0,"2":1,"3":1,"4":1,"5":0,"6":0},"b":{}}
,"/home/runner/work/Mono1/Mono1/nodeapp/src/middlewares/error.middleware.ts": {"path":"/home/runner/work/Mono1/Mono1/nodeapp/src/middlewares/error.middleware.ts","statementMap":{"0":{"start":{"line":4,"column":39},"end":{"line":17,"column":1}},"1":{"start":{"line":6,"column":17},"end":{"line":6,"column":36}},"2":{"start":{"line":7,"column":18},"end":{"line":7,"column":58}},"3":{"start":{"line":9,"column":4},"end":{"line":12,"column":7}},"4":{"start":{"line":4,"column":13},"end":{"line":4,"column":39}},"5":{"start":{"line":19,"column":37},"end":{"line":22,"column":1}},"6":{"start":{"line":21,"column":4},"end":{"line":21,"column":55}},"7":{"start":{"line":19,"column":13},"end":{"line":19,"column":37}},"8":{"start":{"line":32,"column":8},"end":{"line":32,"column":23}},"9":{"start":{"line":33,"column":8},"end":{"line":33,"column":29}},"10":{"start":{"line":34,"column":8},"end":{"line":34,"column":31}},"11":{"start":{"line":25,"column":0},"end":{"line":25,"column":13}},"12":{"start":{"line":42,"column":8},"end":{"line":42,"column":50}},"13":{"start":{"line":38,"column":0},"end":{"line":38,"column":13}},"14":{"start":{"line":49,"column":8},"end":{"line":49,"column":56}},"15":{"start":{"line":46,"column":0},"end":{"line":46,"column":13}},"16":{"start":{"line":56,"column":8},"end":{"line":56,"column":56}},"17":{"start":{"line":53,"column":0},"end":{"line":53,"column":13}},"18":{"start":{"line":63,"column":8},"end":{"line":63,"column":54}},"19":{"start":{"line":60,"column":0},"end":{"line":60,"column":13}}},"fnMap":{"0":{"name":"(anonymous_0)","decl":{"start":{"line":4,"column":39},"end":{"line":4,"column":41}},"loc":{"start":{"line":4,"column":120},"end":{"line":17,"column":1}}},"1":{"name":"(anonymous_1)","decl":{"start":{"line":19,"column":37},"end":{"line":19,"column":39}},"loc":{"start":{"line":19,"column":100},"end":{"line":22,"column":1}}},"2":{"name":"(anonymous_2)","decl":{"start":{"line":30,"column":4},"end":{"line":30,"column":17}},"loc":{"start":{"line":30,"column":48},"end":{"line":35,"column":5}}},"3":{"name":"(anonymous_3)","decl":{"start":{"line":40,"column":4},"end":{"line":40,"column":17}},"loc":{"start":{"line":40,"column":30},"end":{"line":43,"column":5}}},"4":{"name":"(anonymous_4)","decl":{"start":{"line":48,"column":4},"end":{"line":48,"column":17}},"loc":{"start":{"line":48,"column":27},"end":{"line":50,"column":5}}},"5":{"name":"(anonymous_5)","decl":{"start":{"line":55,"column":4},"end":{"line":55,"column":17}},"loc":{"start":{"line":55,"column":27},"end":{"line":57,"column":5}}},"6":{"name":"(anonymous_6)","decl":{"start":{"line":62,"column":4},"end":{"line":62,"column":17}},"loc":{"start":{"line":62,"column":31},"end":{"line":64,"column":5}}}},"branchMap":{"0":{"loc":{"start":{"line":6,"column":17},"end":{"line":6,"column":36}},"type":"binary-expr","locations":[{"start":{"line":6,"column":17},"end":{"line":6,"column":29}},{"start":{"line":6,"column":33},"end":{"line":6,"column":36}}]},"1":{"loc":{"start":{"line":7,"column":18},"end":{"line":7,"column":58}},"type":"binary-expr","locations":[{"start":{"line":7,"column":18},"end":{"line":7,"column":31}},{"start":{"line":7,"column":35},"end":{"line":7,"column":58}}]}},"s":{"0":1,"1":1,"2":1,"3":1,"4":1,"5":1,"6":0,"7":1,"8":1,"9":1,"10":1,"11":1,"12":0,"13":1,"14":0,"15":1,"16":1,"17":1,"18":0,"19":1},"f":{"0":1,"1":0,"2":1,"3":0,"4":0,"5":1,"6":0},"b":{"0":[1,0],"1":[1,0]}}
,"/home/runner/work/Mono1/Mono1/nodeapp/src/models/product.entity.ts": {"path":"/home/runner/work/Mono1/Mono1/nodeapp/src/models/product.entity.ts","statementMap":{"0":{"start":{"line":1,"column":0},"end":{"line":1,"column":65}},"1":{"start":{"line":5,"column":0},"end":{"line":15,"column":null}},"2":{"start":{"line":8,"column":4},"end":{"line":8,"column":null}},"3":{"start":{"line":11,"column":4},"end":{"line":11,"column":null}},"4":{"start":{"line":14,"column":4},"end":{"line":14,"column":null}},"5":{"start":{"line":5,"column":13},"end":{"line":15,"column":null}},"6":{"start":{"line":5,"column":13},"end":{"line":5,"column":20}}},"fnMap":{},"branchMap":{},"s":{"0":1,"1":1,"2":1,"3":1,"4":1,"5":1,"6":1},"f":{},"b":{}}
,"/home/runner/work/Mono1/Mono1/nodeapp/src/routes/product.route.ts": {"path":"/home/runner/work/Mono1/Mono1/nodeapp/src/routes/product.route.ts","statementMap":{"0":{"start":{"line":1,"column":0},"end":{"line":1,"column":75}},"1":{"start":{"line":2,"column":0},"end":{"line":2,"column":61}},"2":{"start":{"line":3,"column":0},"end":{"line":3,"column":51}},"3":{"start":{"line":4,"column":0},"end":{"line":4,"column":47}},"4":{"start":{"line":5,"column":0},"end":{"line":5,"column":70}},"5":{"start":{"line":11,"column":11},"end":{"line":11,"column":46}},"6":{"start":{"line":23,"column":11},"end":{"line":37,"column":null}},"7":{"start":{"line":23,"column":85},"end":{"line":37,"column":null}},"8":{"start":{"line":25,"column":19},"end":{"line":25,"column":36}},"9":{"start":{"line":27,"column":30},"end":{"line":27,"column":71}},"10":{"start":{"line":28,"column":8},"end":{"line":28,"column":42}},"11":{"start":{"line":28,"column":21},"end":{"line":28,"column":42}},"12":{"start":{"line":32,"column":8},"end":{"line":36,"column":null}},"13":{"start":{"line":33,"column":12},"end":{"line":33,"column":34}},"14":{"start":{"line":35,"column":12},"end":{"line":35,"column":48}},"15":{"start":{"line":15,"column":8},"end":{"line":15,"column":51}},"16":{"start":{"line":18,"column":8},"end":{"line":18,"column":44}},"17":{"start":{"line":8,"column":0},"end":{"line":8,"column":13}}},"fnMap":{"0":{"name":"(anonymous_8)","decl":{"start":{"line":14,"column":4},"end":{"line":14,"column":null}},"loc":{"start":{"line":14,"column":4},"end":{"line":21,"column":5}}},"1":{"name":"(anonymous_9)","decl":{"start":{"line":23,"column":17},"end":{"line":23,"column":24}},"loc":{"start":{"line":23,"column":85},"end":{"line":37,"column":null}}},"2":{"name":"(anonymous_10)","decl":{"start":{"line":23,"column":85},"end":{"line":23,"column":null}},"loc":{"start":{"line":23,"column":85},"end":{"line":37,"column":5}}}},"branchMap":{"0":{"loc":{"start":{"line":28,"column":8},"end":{"line":28,"column":42}},"type":"if","locations":[{"start":{"line":28,"column":8},"end":{"line":28,"column":42}}]},"1":{"loc":{"start":{"line":32,"column":8},"end":{"line":36,"column":null}},"type":"if","locations":[{"start":{"line":32,"column":8},"end":{"line":36,"column":null}},{"start":{"line":34,"column":15},"end":{"line":36,"column":null}}]}},"s":{"0":1,"1":1,"2":1,"3":1,"4":1,"5":1,"6":1,"7":3,"8":3,"9":3,"10":3,"11":0,"12":3,"13":2,"14":1,"15":1,"16":1,"17":1},"f":{"0":1,"1":3,"2":3},"b":{"0":[0],"1":[2,1]}}
,"/home/runner/work/Mono1/Mono1/nodeapp/src/services/product.service.ts": {"path":"/home/runner/work/Mono1/Mono1/nodeapp/src/services/product.service.ts","statementMap":{"0":{"start":{"line":1,"column":0},"end":{"line":1,"column":40}},"1":{"start":{"line":2,"column":0},"end":{"line":2,"column":47}},"2":{"start":{"line":3,"column":0},"end":{"line":3,"column":62}},"3":{"start":{"line":20,"column":11},"end":{"line":31,"column":null}},"4":{"start":{"line":20,"column":41},"end":{"line":31,"column":null}},"5":{"start":{"line":22,"column":24},"end":{"line":22,"column":67}},"6":{"start":{"line":23,"column":30},"end":{"line":23,"column":91}},"7":{"start":{"line":24,"column":8},"end":{"line":24,"column":52}},"8":{"start":{"line":24,"column":21},"end":{"line":24,"column":52}},"9":{"start":{"line":30,"column":8},"end":{"line":30,"column":20}},"10":{"start":{"line":33,"column":11},"end":{"line":39,"column":null}},"11":{"start":{"line":33,"column":29},"end":{"line":39,"column":null}},"12":{"start":{"line":35,"column":31},"end":{"line":35,"column":85}},"13":{"start":{"line":36,"column":8},"end":{"line":36,"column":52}},"14":{"start":{"line":36,"column":21},"end":{"line":36,"column":52}},"15":{"start":{"line":38,"column":8},"end":{"line":38,"column":21}},"16":{"start":{"line":41,"column":11},"end":{"line":54,"column":null}},"17":{"start":{"line":41,"column":39},"end":{"line":54,"column":null}},"18":{"start":{"line":43,"column":30},"end":{"line":43,"column":89}},"19":{"start":{"line":44,"column":8},"end":{"line":44,"column":52}},"20":{"start":{"line":44,"column":21},"end":{"line":44,"column":52}},"21":{"start":{"line":53,"column":8},"end":{"line":53,"column":20}},"22":{"start":{"line":56,"column":11},"end":{"line":73,"column":null}},"23":{"start":{"line":56,"column":52},"end":{"line":73,"column":null}},"24":{"start":{"line":58,"column":34},"end":{"line":58,"column":98}},"25":{"start":{"line":59,"column":8},"end":{"line":59,"column":52}},"26":{"start":{"line":59,"column":21},"end":{"line":59,"column":52}},"27":{"start":{"line":61,"column":38},"end":{"line":61,"column":97}},"28":{"start":{"line":62,"column":8},"end":{"line":62,"column":54}},"29":{"start":{"line":62,"column":22},"end":{"line":62,"column":54}},"30":{"start":{"line":72,"column":8},"end":{"line":72,"column":27}},"31":{"start":{"line":75,"column":11},"end":{"line":91,"column":null}},"32":{"start":{"line":75,"column":42},"end":{"line":91,"column":null}},"33":{"start":{"line":77,"column":34},"end":{"line":77,"column":92}},"34":{"start":{"line":78,"column":8},"end":{"line":78,"column":52}},"35":{"start":{"line":78,"column":21},"end":{"line":78,"column":52}},"36":{"start":{"line":90,"column":8},"end":{"line":90,"column":24}},"37":{"start":{"line":17,"column":8},"end":{"line":17,"column":29}},"38":{"start":{"line":12,"column":0},"end":{"line":12,"column":13}}},"fnMap":{"0":{"name":"(anonymous_7)","decl":{"start":{"line":16,"column":4},"end":{"line":16,"column":17}},"loc":{"start":{"line":16,"column":28},"end":{"line":18,"column":5}}},"1":{"name":"(anonymous_8)","decl":{"start":{"line":20,"column":20},"end":{"line":20,"column":27}},"loc":{"start":{"line":20,"column":41},"end":{"line":31,"column":null}}},"2":{"name":"(anonymous_9)","decl":{"start":{"line":20,"column":41},"end":{"line":20,"column":null}},"loc":{"start":{"line":20,"column":41},"end":{"line":31,"column":5}}},"3":{"name":"(anonymous_10)","decl":{"start":{"line":33,"column":18},"end":{"line":33,"column":27}},"loc":{"start":{"line":33,"column":29},"end":{"line":39,"column":null}}},"4":{"name":"(anonymous_11)","decl":{"start":{"line":33,"column":29},"end":{"line":33,"column":null}},"loc":{"start":{"line":33,"column":29},"end":{"line":39,"column":5}}},"5":{"name":"(anonymous_12)","decl":{"start":{"line":41,"column":17},"end":{"line":41,"column":24}},"loc":{"start":{"line":41,"column":39},"end":{"line":54,"column":null}}},"6":{"name":"(anonymous_13)","decl":{"start":{"line":41,"column":39},"end":{"line":41,"column":null}},"loc":{"start":{"line":41,"column":39},"end":{"line":54,"column":5}}},"7":{"name":"(anonymous_14)","decl":{"start":{"line":56,"column":19},"end":{"line":56,"column":26}},"loc":{"start":{"line":56,"column":52},"end":{"line":73,"column":null}}},"8":{"name":"(anonymous_15)","decl":{"start":{"line":56,"column":52},"end":{"line":56,"column":null}},"loc":{"start":{"line":56,"column":52},"end":{"line":73,"column":5}}},"9":{"name":"(anonymous_16)","decl":{"start":{"line":75,"column":20},"end":{"line":75,"column":27}},"loc":{"start":{"line":75,"column":42},"end":{"line":91,"column":null}}},"10":{"name":"(anonymous_17)","decl":{"start":{"line":75,"column":42},"end":{"line":75,"column":null}},"loc":{"start":{"line":75,"column":42},"end":{"line":91,"column":5}}}},"branchMap":{"0":{"loc":{"start":{"line":24,"column":8},"end":{"line":24,"column":52}},"type":"if","locations":[{"start":{"line":24,"column":8},"end":{"line":24,"column":52}}]},"1":{"loc":{"start":{"line":36,"column":8},"end":{"line":36,"column":52}},"type":"if","locations":[{"start":{"line":36,"column":8},"end":{"line":36,"column":52}}]},"2":{"loc":{"start":{"line":44,"column":8},"end":{"line":44,"column":52}},"type":"if","locations":[{"start":{"line":44,"column":8},"end":{"line":44,"column":52}}]},"3":{"loc":{"start":{"line":59,"column":8},"end":{"line":59,"column":52}},"type":"if","locations":[{"start":{"line":59,"column":8},"end":{"line":59,"column":52}}]},"4":{"loc":{"start":{"line":62,"column":8},"end":{"line":62,"column":54}},"type":"if","locations":[{"start":{"line":62,"column":8},"end":{"line":62,"column":54}}]},"5":{"loc":{"start":{"line":78,"column":8},"end":{"line":78,"column":52}},"type":"if","locations":[{"start":{"line":78,"column":8},"end":{"line":78,"column":52}}]}},"s":{"0":1,"1":1,"2":1,"3":2,"4":1,"5":1,"6":1,"7":1,"8":0,"9":1,"10":2,"11":0,"12":0,"13":0,"14":0,"15":0,"16":2,"17":3,"18":3,"19":3,"20":0,"21":3,"22":2,"23":0,"24":0,"25":0,"26":0,"27":0,"28":0,"29":0,"30":0,"31":2,"32":0,"33":0,"34":0,"35":0,"36":0,"37":2,"38":1},"f":{"0":2,"1":1,"2":1,"3":0,"4":0,"5":3,"6":3,"7":0,"8":0,"9":0,"10":0},"b":{"0":[0],"1":[0],"2":[0],"3":[0],"4":[0],"5":[0]}}
,"/home/runner/work/Mono1/Mono1/nodeapp/src/shared/common.ts": {"path":"/home/runner/work/Mono1/Mono1/nodeapp/src/shared/common.ts","statementMap":{"0":{"start":{"line":3,"column":27},"end":{"line":8,"column":1}},"1":{"start":{"line":5,"column":4},"end":{"line":7,"column":48}},"2":{"start":{"line":6,"column":30},"end":{"line":6,"column":42}},"3":{"start":{"line":7,"column":32},"end":{"line":7,"column":45}},"4":{"start":{"line":3,"column":13},"end":{"line":3,"column":27}}},"fnMap":{"0":{"name":"(anonymous_0)","decl":{"start":{"line":3,"column":27},"end":{"line":3,"column":29}},"loc":{"start":{"line":3,"column":55},"end":{"line":8,"column":1}}},"1":{"name":"(anonymous_1)","decl":{"start":{"line":6,"column":15},"end":{"line":6,"column":16}},"loc":{"start":{"line":6,"column":30},"end":{"line":6,"column":42}}},"2":{"name":"(anonymous_2)","decl":{"start":{"line":7,"column":16},"end":{"line":7,"column":17}},"loc":{"start":{"line":7,"column":32},"end":{"line":7,"column":45}}}},"branchMap":{},"s":{"0":1,"1":7,"2":7,"3":0,"4":1},"f":{"0":7,"1":7,"2":0},"b":{}}
}
