TN:
SF:src/server.ts
FN:12,(anonymous_8)
FN:20,(anonymous_9)
FN:32,(anonymous_11)
FN:37,(anonymous_12)
FN:42,(anonymous_13)
FN:48,(anonymous_14)
FN:49,(anonymous_15)
FNF:7
FNH:4
FNDA:1,(anonymous_8)
FNDA:0,(anonymous_9)
FNDA:1,(anonymous_11)
FNDA:1,(anonymous_12)
FNDA:1,(anonymous_13)
FNDA:0,(anonymous_14)
FNDA:0,(anonymous_15)
DA:1,1
DA:2,1
DA:3,1
DA:4,1
DA:5,1
DA:8,1
DA:10,1
DA:13,1
DA:14,1
DA:15,1
DA:16,1
DA:17,1
DA:22,0
DA:24,0
DA:25,0
DA:27,0
DA:28,0
DA:34,1
DA:39,1
DA:45,1
DA:49,0
DA:50,0
LF:22
LH:15
BRF:0
BRH:0
end_of_record
TN:
SF:src/middlewares/error.middleware.ts
FN:4,(anonymous_0)
FN:19,(anonymous_1)
FN:30,(anonymous_2)
FN:40,(anonymous_3)
FN:48,(anonymous_4)
FN:55,(anonymous_5)
FN:62,(anonymous_6)
FNF:7
FNH:3
FNDA:1,(anonymous_0)
FNDA:0,(anonymous_1)
FNDA:1,(anonymous_2)
FNDA:0,(anonymous_3)
FNDA:0,(anonymous_4)
FNDA:1,(anonymous_5)
FNDA:0,(anonymous_6)
DA:4,1
DA:6,1
DA:7,1
DA:9,1
DA:19,1
DA:21,0
DA:25,1
DA:32,1
DA:33,1
DA:34,1
DA:38,1
DA:42,0
DA:46,1
DA:49,0
DA:53,1
DA:56,1
DA:60,1
DA:63,0
LF:18
LH:14
BRDA:6,0,0,1
BRDA:6,0,1,0
BRDA:7,1,0,1
BRDA:7,1,1,0
BRF:4
BRH:2
end_of_record
TN:
SF:src/models/product.entity.ts
FNF:0
FNH:0
DA:1,1
DA:5,1
DA:8,1
DA:11,1
DA:14,1
LF:5
LH:5
BRF:0
BRH:0
end_of_record
TN:
SF:src/routes/product.route.ts
FN:14,(anonymous_8)
FN:23,(anonymous_9)
FN:23,(anonymous_10)
FNF:3
FNH:3
FNDA:1,(anonymous_8)
FNDA:3,(anonymous_9)
FNDA:3,(anonymous_10)
DA:1,1
DA:2,1
DA:3,1
DA:4,1
DA:5,1
DA:8,1
DA:11,1
DA:15,1
DA:18,1
DA:23,3
DA:25,3
DA:27,3
DA:28,3
DA:32,3
DA:33,2
DA:35,1
LF:16
LH:16
BRDA:28,0,0,0
BRDA:32,1,0,2
BRDA:32,1,1,1
BRF:3
BRH:2
end_of_record
TN:
SF:src/services/product.service.ts
FN:16,(anonymous_7)
FN:20,(anonymous_8)
FN:20,(anonymous_9)
FN:33,(anonymous_10)
FN:33,(anonymous_11)
FN:41,(anonymous_12)
FN:41,(anonymous_13)
FN:56,(anonymous_14)
FN:56,(anonymous_15)
FN:75,(anonymous_16)
FN:75,(anonymous_17)
FNF:11
FNH:5
FNDA:2,(anonymous_7)
FNDA:1,(anonymous_8)
FNDA:1,(anonymous_9)
FNDA:0,(anonymous_10)
FNDA:0,(anonymous_11)
FNDA:3,(anonymous_12)
FNDA:3,(anonymous_13)
FNDA:0,(anonymous_14)
FNDA:0,(anonymous_15)
FNDA:0,(anonymous_16)
FNDA:0,(anonymous_17)
DA:1,1
DA:2,1
DA:3,1
DA:12,1
DA:17,2
DA:20,2
DA:22,1
DA:23,1
DA:24,1
DA:30,1
DA:33,2
DA:35,0
DA:36,0
DA:38,0
DA:41,3
DA:43,3
DA:44,3
DA:53,3
DA:56,2
DA:58,0
DA:59,0
DA:61,0
DA:62,0
DA:72,0
DA:75,2
DA:77,0
DA:78,0
DA:90,0
LF:28
LH:17
BRDA:24,0,0,0
BRDA:36,1,0,0
BRDA:44,2,0,0
BRDA:59,3,0,0
BRDA:62,4,0,0
BRDA:78,5,0,0
BRF:6
BRH:0
end_of_record
TN:
SF:src/shared/common.ts
FN:3,(anonymous_0)
FN:6,(anonymous_1)
FN:7,(anonymous_2)
FNF:3
FNH:2
FNDA:7,(anonymous_0)
FNDA:7,(anonymous_1)
FNDA:0,(anonymous_2)
DA:3,1
DA:5,7
DA:6,7
DA:7,0
LF:4
LH:3
BRF:0
BRH:0
end_of_record
