<?xml version="1.0" encoding="UTF-8"?>
<coverage generated="1645254051952" clover="3.2.0">
  <project timestamp="1645254051952" name="All files">
    <metrics statements="16" coveredstatements="14" conditionals="3" coveredconditionals="3" methods="6" coveredmethods="4" elements="25" coveredelements="21" complexity="0" loc="16" ncloc="16" packages="1" files="1" classes="1"/>
    <file name="server.ts" path="/home/runner/work/Mono1/Mono1/nodeapp/src/server/server.ts">
      <metrics statements="16" coveredstatements="14" conditionals="3" coveredconditionals="3" methods="6" coveredmethods="4"/>
      <line num="1" count="1" type="stmt"/>
      <line num="4" count="1" type="stmt"/>
      <line num="6" count="1" type="stmt"/>
      <line num="13" count="1" type="stmt"/>
      <line num="14" count="1" type="stmt"/>
      <line num="19" count="1" type="stmt"/>
      <line num="21" count="1" type="stmt"/>
      <line num="22" count="1" type="stmt"/>
      <line num="25" count="1" type="stmt"/>
      <line num="28" count="5" type="stmt"/>
      <line num="30" count="5" type="cond" truecount="3" falsecount="0"/>
      <line num="31" count="2" type="stmt"/>
      <line num="32" count="2" type="stmt"/>
      <line num="35" count="3" type="stmt"/>
      <line num="40" count="0" type="stmt"/>
      <line num="41" count="0" type="stmt"/>
    </file>
  </project>
</coverage>
