{"/home/runner/work/Mono1/Mono1/nodeapp/src/server/server.ts": {"path":"/home/runner/work/Mono1/Mono1/nodeapp/src/server/server.ts","statementMap":{"0":{"start":{"line":1,"column":0},"end":{"line":1,"column":66}},"1":{"start":{"line":6,"column":11},"end":{"line":6,"column":39}},"2":{"start":{"line":13,"column":8},"end":{"line":13,"column":33}},"3":{"start":{"line":14,"column":8},"end":{"line":14,"column":32}},"4":{"start":{"line":19,"column":8},"end":{"line":19,"column":43}},"5":{"start":{"line":21,"column":8},"end":{"line":23,"column":11}},"6":{"start":{"line":22,"column":12},"end":{"line":22,"column":68}},"7":{"start":{"line":25,"column":8},"end":{"line":36,"column":11}},"8":{"start":{"line":28,"column":41},"end":{"line":28,"column":53}},"9":{"start":{"line":30,"column":12},"end":{"line":33,"column":null}},"10":{"start":{"line":31,"column":16},"end":{"line":31,"column":41}},"11":{"start":{"line":32,"column":16},"end":{"line":32,"column":23}},"12":{"start":{"line":35,"column":12},"end":{"line":35,"column":48}},"13":{"start":{"line":40,"column":8},"end":{"line":42,"column":11}},"14":{"start":{"line":41,"column":12},"end":{"line":41,"column":53}},"15":{"start":{"line":4,"column":0},"end":{"line":4,"column":13}}},"fnMap":{"0":{"name":"(anonymous_1)","decl":{"start":{"line":12,"column":4},"end":{"line":12,"column":null}},"loc":{"start":{"line":12,"column":4},"end":{"line":15,"column":5}}},"1":{"name":"(anonymous_2)","decl":{"start":{"line":17,"column":12},"end":{"line":17,"column":28}},"loc":{"start":{"line":17,"column":28},"end":{"line":37,"column":5}}},"2":{"name":"(anonymous_3)","decl":{"start":{"line":21,"column":54},"end":{"line":21,"column":55}},"loc":{"start":{"line":21,"column":95},"end":{"line":23,"column":9}}},"3":{"name":"(anonymous_4)","decl":{"start":{"line":25,"column":41},"end":{"line":25,"column":42}},"loc":{"start":{"line":25,"column":82},"end":{"line":36,"column":9}}},"4":{"name":"(anonymous_5)","decl":{"start":{"line":39,"column":11},"end":{"line":39,"column":17}},"loc":{"start":{"line":39,"column":31},"end":{"line":43,"column":5}}},"5":{"name":"(anonymous_6)","decl":{"start":{"line":40,"column":34},"end":{"line":40,"column":38}},"loc":{"start":{"line":40,"column":40},"end":{"line":42,"column":9}}}},"branchMap":{"0":{"loc":{"start":{"line":30,"column":12},"end":{"line":33,"column":null}},"type":"if","locations":[{"start":{"line":30,"column":12},"end":{"line":33,"column":null}}]},"1":{"loc":{"start":{"line":30,"column":16},"end":{"line":30,"column":38}},"type":"binary-expr","locations":[{"start":{"line":30,"column":16},"end":{"line":30,"column":25}},{"start":{"line":30,"column":29},"end":{"line":30,"column":38}}]}},"s":{"0":1,"1":1,"2":1,"3":1,"4":1,"5":1,"6":1,"7":1,"8":5,"9":5,"10":2,"11":2,"12":3,"13":0,"14":0,"15":1},"f":{"0":1,"1":1,"2":1,"3":5,"4":0,"5":0},"b":{"0":[2],"1":[5,3]}}
}
